c:\code\dx12new\dx12new\x64\debug\vc142.pdb
c:\code\dx12new\dx12new\x64\debug\vc142.idb
c:\code\dx12new\dx12new\x64\debug\main.obj
c:\code\dx12new\dx12new\x64\debug\keycodes.obj
c:\code\dx12new\dx12new\x64\debug\game.obj
c:\code\dx12new\dx12new\x64\debug\commandqueue.obj
c:\code\dx12new\dx12new\x64\debug\window.obj
c:\code\dx12new\dx12new\x64\debug\application.obj
c:\code\dx12new\dx12new\x64\debug\highresolutionclock.obj
c:\code\dx12new\dx12new\x64\debug\main1.obj
c:\code\dx12new\dx12new\x64\debug\lesson2.obj
c:\code\dx12new\dx12new\x64\debug\uploadbuffer.obj
c:\code\dx12new\dx12new\x64\debug\descriptorallocator.obj
c:\code\dx12new\dx12new\x64\debug\descriptorallocation.obj
c:\code\dx12new\dx12new\x64\debug\descriptorallocatorpage.obj
c:\code\dx12new\dx12new\x64\debug\commandlist.obj
c:\code\dx12new\dx12new\x64\debug\rootsignature.obj
c:\code\dx12new\x64\debug\pixelshader.cso
c:\code\dx12new\x64\debug\vertexshader.cso
c:\code\dx12new\x64\debug\dx12new.exe
c:\code\dx12new\dx12new\x64\debug\dx12new.ilk
c:\code\dx12new\x64\debug\dx12new.pdb
c:\code\dx12new\dx12new\x64\debug\dx12new.tlog\cl.command.1.tlog
c:\code\dx12new\dx12new\x64\debug\dx12new.tlog\cl.read.1.tlog
c:\code\dx12new\dx12new\x64\debug\dx12new.tlog\cl.write.1.tlog
c:\code\dx12new\dx12new\x64\debug\dx12new.tlog\fxc.command.1.tlog
c:\code\dx12new\dx12new\x64\debug\dx12new.tlog\fxc.read.1.tlog
c:\code\dx12new\dx12new\x64\debug\dx12new.tlog\fxc.write.1.tlog
c:\code\dx12new\dx12new\x64\debug\dx12new.tlog\link.command.1.tlog
c:\code\dx12new\dx12new\x64\debug\dx12new.tlog\link.read.1.tlog
c:\code\dx12new\dx12new\x64\debug\dx12new.tlog\link.write.1.tlog
