  Application.cpp
  BasePSO.cpp
  Buffer.cpp
  ByteAddressBuffer.cpp
  CommandList.cpp
  CommandQueue.cpp
  ConstantBuffer.cpp
  ConstantBufferView.cpp
  DeferredGBufferPSO.cpp
  DeferredLightingPSO.cpp
  DescriptorAllocator.cpp
  DescriptorAllocatorPage.cpp
C:\Code\DX12New\DX12New\DescriptorAllocator.h(29,55): warning C4099: “std::default_delete<DescriptorAllocator>”: 类型名称以前使用“struct”现在使用的是“class” (编译源文件 Application.cpp)
C:\Code\DX12New\DX12New\DescriptorAllocator.h(29): message : 参见“std::default_delete<DescriptorAllocator>”的声明 (编译源文件 Application.cpp)
C:\Code\DX12New\DX12New\DescriptorAllocator.h(29,55): warning C4099: “std::default_delete<DescriptorAllocator>”: 类型名称以前使用“struct”现在使用的是“class” (编译源文件 DescriptorAllocator.cpp)
C:\Code\DX12New\DX12New\DescriptorAllocator.h(29): message : 参见“std::default_delete<DescriptorAllocator>”的声明 (编译源文件 DescriptorAllocator.cpp)
C:\Code\DX12New\DX12New\RootSignature.h(27,49): warning C4099: “std::default_delete<RootSignature>”: 类型名称以前使用“struct”现在使用的是“class” (编译源文件 Buffer.cpp)
C:\Code\DX12New\DX12New\RootSignature.h(27): message : 参见“std::default_delete<RootSignature>”的声明 (编译源文件 Buffer.cpp)
C:\Code\DX12New\DX12New\RootSignature.h(27,49): warning C4099: “std::default_delete<RootSignature>”: 类型名称以前使用“struct”现在使用的是“class” (编译源文件 ConstantBuffer.cpp)
C:\Code\DX12New\DX12New\RootSignature.h(27): message : 参见“std::default_delete<RootSignature>”的声明 (编译源文件 ConstantBuffer.cpp)
C:\Code\DX12New\DX12New\RootSignature.h(27,49): warning C4099: “std::default_delete<RootSignature>”: 类型名称以前使用“struct”现在使用的是“class” (编译源文件 ByteAddressBuffer.cpp)
C:\Code\DX12New\DX12New\RootSignature.h(27): message : 参见“std::default_delete<RootSignature>”的声明 (编译源文件 ByteAddressBuffer.cpp)
C:\Code\DX12New\DX12New\RootSignature.h(27,49): warning C4099: “std::default_delete<RootSignature>”: 类型名称以前使用“struct”现在使用的是“class” (编译源文件 ConstantBufferView.cpp)
C:\Code\DX12New\DX12New\RootSignature.h(27): message : 参见“std::default_delete<RootSignature>”的声明 (编译源文件 ConstantBufferView.cpp)
C:\Code\DX12New\DX12New\CommandQueue.h(38,48): warning C4099: “std::default_delete<CommandQueue>”: 类型名称以前使用“struct”现在使用的是“class” (编译源文件 CommandQueue.cpp)
C:\Code\DX12New\DX12New\CommandQueue.h(38): message : 参见“std::default_delete<CommandQueue>”的声明 (编译源文件 CommandQueue.cpp)
C:\Code\DX12New\DX12New\CommandQueue.h(38,48): warning C4099: “std::default_delete<CommandQueue>”: 类型名称以前使用“struct”现在使用的是“class” (编译源文件 Application.cpp)
C:\Code\DX12New\DX12New\CommandQueue.h(38): message : 参见“std::default_delete<CommandQueue>”的声明 (编译源文件 Application.cpp)
C:\Code\DX12New\DX12New\RootSignature.h(27,49): warning C4099: “std::default_delete<RootSignature>”: 类型名称以前使用“struct”现在使用的是“class” (编译源文件 Application.cpp)
C:\Code\DX12New\DX12New\RootSignature.h(27): message : 参见“std::default_delete<RootSignature>”的声明 (编译源文件 Application.cpp)
  Device.cpp
  DynamicDescriptorHeap.cpp
C:\Code\DX12New\DX12New\Scene.h(19,17): warning C4099: “aiMaterial”: 类型名称以前使用“struct”现在使用的是“class” (编译源文件 BasePSO.cpp)
C:\Code\DX12New\include\assimp\material.h(692): message : 参见“aiMaterial”的声明 (编译源文件 BasePSO.cpp)
C:\Code\DX12New\DX12New\Scene.h(20,13): warning C4099: “aiMesh”: 类型名称以前使用“struct”现在使用的是“class” (编译源文件 BasePSO.cpp)
C:\Code\DX12New\include\assimp\mesh.h(600): message : 参见“aiMesh”的声明 (编译源文件 BasePSO.cpp)
C:\Code\DX12New\DX12New\Scene.h(21,13): warning C4099: “aiNode”: 类型名称以前使用“struct”现在使用的是“class” (编译源文件 BasePSO.cpp)
C:\Code\DX12New\include\assimp\scene.h(82): message : 参见“aiNode”的声明 (编译源文件 BasePSO.cpp)
C:\Code\DX12New\DX12New\Scene.h(19,17): warning C4099: “aiMaterial”: 类型名称以前使用“struct”现在使用的是“class” (编译源文件 CommandList.cpp)
C:\Code\DX12New\include\assimp\material.h(692): message : 参见“aiMaterial”的声明 (编译源文件 CommandList.cpp)
C:\Code\DX12New\DX12New\Scene.h(20,13): warning C4099: “aiMesh”: 类型名称以前使用“struct”现在使用的是“class” (编译源文件 CommandList.cpp)
C:\Code\DX12New\include\assimp\mesh.h(600): message : 参见“aiMesh”的声明 (编译源文件 CommandList.cpp)
C:\Code\DX12New\DX12New\Scene.h(21,13): warning C4099: “aiNode”: 类型名称以前使用“struct”现在使用的是“class” (编译源文件 CommandList.cpp)
C:\Code\DX12New\include\assimp\scene.h(82): message : 参见“aiNode”的声明 (编译源文件 CommandList.cpp)
C:\Code\DX12New\DX12New\RootSignature.h(27,49): warning C4099: “std::default_delete<RootSignature>”: 类型名称以前使用“struct”现在使用的是“class” (编译源文件 BasePSO.cpp)
C:\Code\DX12New\DX12New\RootSignature.h(27): message : 参见“std::default_delete<RootSignature>”的声明 (编译源文件 BasePSO.cpp)
C:\Code\DX12New\DX12New\Scene.h(19,17): warning C4099: “aiMaterial”: 类型名称以前使用“struct”现在使用的是“class” (编译源文件 DeferredGBufferPSO.cpp)
C:\Code\DX12New\include\assimp\material.h(692): message : 参见“aiMaterial”的声明 (编译源文件 DeferredGBufferPSO.cpp)
C:\Code\DX12New\DX12New\Scene.h(20,13): warning C4099: “aiMesh”: 类型名称以前使用“struct”现在使用的是“class” (编译源文件 DeferredGBufferPSO.cpp)
C:\Code\DX12New\include\assimp\mesh.h(600): message : 参见“aiMesh”的声明 (编译源文件 DeferredGBufferPSO.cpp)
C:\Code\DX12New\DX12New\Scene.h(21,13): warning C4099: “aiNode”: 类型名称以前使用“struct”现在使用的是“class” (编译源文件 DeferredGBufferPSO.cpp)
C:\Code\DX12New\include\assimp\scene.h(82): message : 参见“aiNode”的声明 (编译源文件 DeferredGBufferPSO.cpp)
C:\Code\DX12New\DX12New\RootSignature.h(27,49): warning C4099: “std::default_delete<RootSignature>”: 类型名称以前使用“struct”现在使用的是“class” (编译源文件 DescriptorAllocatorPage.cpp)
C:\Code\DX12New\DX12New\RootSignature.h(27): message : 参见“std::default_delete<RootSignature>”的声明 (编译源文件 DescriptorAllocatorPage.cpp)
C:\Code\DX12New\DX12New\Scene.h(19,17): warning C4099: “aiMaterial”: 类型名称以前使用“struct”现在使用的是“class” (编译源文件 DeferredLightingPSO.cpp)
C:\Code\DX12New\include\assimp\material.h(692): message : 参见“aiMaterial”的声明 (编译源文件 DeferredLightingPSO.cpp)
C:\Code\DX12New\DX12New\Scene.h(20,13): warning C4099: “aiMesh”: 类型名称以前使用“struct”现在使用的是“class” (编译源文件 DeferredLightingPSO.cpp)
C:\Code\DX12New\include\assimp\mesh.h(600): message : 参见“aiMesh”的声明 (编译源文件 DeferredLightingPSO.cpp)
C:\Code\DX12New\DX12New\Scene.h(21,13): warning C4099: “aiNode”: 类型名称以前使用“struct”现在使用的是“class” (编译源文件 DeferredLightingPSO.cpp)
C:\Code\DX12New\include\assimp\scene.h(82): message : 参见“aiNode”的声明 (编译源文件 DeferredLightingPSO.cpp)
C:\Code\DX12New\DX12New\RootSignature.h(27,49): warning C4099: “std::default_delete<RootSignature>”: 类型名称以前使用“struct”现在使用的是“class” (编译源文件 CommandList.cpp)
C:\Code\DX12New\DX12New\RootSignature.h(27): message : 参见“std::default_delete<RootSignature>”的声明 (编译源文件 CommandList.cpp)
C:\Code\DX12New\DX12New\ConstantBufferView.cpp(18,118): warning C4267: “=”: 从“size_t”转换到“UINT”，可能丢失数据
C:\Code\DX12New\DX12New\RootSignature.h(27,49): warning C4099: “std::default_delete<RootSignature>”: 类型名称以前使用“struct”现在使用的是“class” (编译源文件 DeferredGBufferPSO.cpp)
C:\Code\DX12New\DX12New\RootSignature.h(27): message : 参见“std::default_delete<RootSignature>”的声明 (编译源文件 DeferredGBufferPSO.cpp)
C:\Code\DX12New\DX12New\RootSignature.h(27,49): warning C4099: “std::default_delete<RootSignature>”: 类型名称以前使用“struct”现在使用的是“class” (编译源文件 DeferredLightingPSO.cpp)
C:\Code\DX12New\DX12New\RootSignature.h(27): message : 参见“std::default_delete<RootSignature>”的声明 (编译源文件 DeferredLightingPSO.cpp)
C:\Code\DX12New\DX12New\RootSignature.h(27,49): warning C4099: “std::default_delete<RootSignature>”: 类型名称以前使用“struct”现在使用的是“class” (编译源文件 DescriptorAllocator.cpp)
C:\Code\DX12New\DX12New\RootSignature.h(27): message : 参见“std::default_delete<RootSignature>”的声明 (编译源文件 DescriptorAllocator.cpp)
C:\Code\DX12New\DX12New\Scene.h(19,17): warning C4099: “aiMaterial”: 类型名称以前使用“struct”现在使用的是“class” (编译源文件 CommandQueue.cpp)
C:\Code\DX12New\include\assimp\material.h(692): message : 参见“aiMaterial”的声明 (编译源文件 CommandQueue.cpp)
C:\Code\DX12New\DX12New\Scene.h(20,13): warning C4099: “aiMesh”: 类型名称以前使用“struct”现在使用的是“class” (编译源文件 CommandQueue.cpp)
C:\Code\DX12New\include\assimp\mesh.h(600): message : 参见“aiMesh”的声明 (编译源文件 CommandQueue.cpp)
C:\Code\DX12New\DX12New\Scene.h(21,13): warning C4099: “aiNode”: 类型名称以前使用“struct”现在使用的是“class” (编译源文件 CommandQueue.cpp)
C:\Code\DX12New\include\assimp\scene.h(82): message : 参见“aiNode”的声明 (编译源文件 CommandQueue.cpp)
C:\Code\DX12New\DX12New\RootSignature.h(27,49): warning C4099: “std::default_delete<RootSignature>”: 类型名称以前使用“struct”现在使用的是“class” (编译源文件 CommandQueue.cpp)
C:\Code\DX12New\DX12New\RootSignature.h(27): message : 参见“std::default_delete<RootSignature>”的声明 (编译源文件 CommandQueue.cpp)
C:\Code\DX12New\DX12New\CommandQueue.h(38,48): warning C4099: “std::default_delete<CommandQueue>”: 类型名称以前使用“struct”现在使用的是“class” (编译源文件 CommandList.cpp)
C:\Code\DX12New\DX12New\CommandQueue.h(38): message : 参见“std::default_delete<CommandQueue>”的声明 (编译源文件 CommandList.cpp)
  EffectPSO.cpp
  Game.cpp
C:\Code\DX12New\DX12New\CommandList.cpp(707,96): warning C4267: “参数”: 从“size_t”转换到“UINT”，可能丢失数据
C:\Code\DX12New\DX12New\CommandList.cpp(712,95): warning C4267: “参数”: 从“size_t”转换到“UINT”，可能丢失数据
  GenerateMipsPSO.cpp
C:\Code\DX12New\DX12New\CommandList.cpp(750,69): warning C4267: “参数”: 从“size_t”转换到“UINT”，可能丢失数据
  IndexBuffer.cpp
  Lesson5.cpp
  main.cpp
  Material.cpp
C:\Code\DX12New\DX12New\RootSignature.h(27,49): warning C4099: “std::default_delete<RootSignature>”: 类型名称以前使用“struct”现在使用的是“class” (编译源文件 Device.cpp)
C:\Code\DX12New\DX12New\RootSignature.h(27): message : 参见“std::default_delete<RootSignature>”的声明 (编译源文件 Device.cpp)
C:\Code\DX12New\DX12New\RootSignature.h(27,49): warning C4099: “std::default_delete<RootSignature>”: 类型名称以前使用“struct”现在使用的是“class” (编译源文件 DynamicDescriptorHeap.cpp)
C:\Code\DX12New\DX12New\RootSignature.h(27): message : 参见“std::default_delete<RootSignature>”的声明 (编译源文件 DynamicDescriptorHeap.cpp)
  Mesh.cpp
  PanoToCubemapPSO.cpp
  PipelineStateObject.cpp
C:\Code\DX12New\DX12New\DescriptorAllocator.h(29,55): warning C4099: “std::default_delete<DescriptorAllocator>”: 类型名称以前使用“struct”现在使用的是“class” (编译源文件 Device.cpp)
C:\Program Files (x86)\Microsoft Visual Studio\2019\Community\VC\Tools\MSVC\14.29.30133\include\memory(1231): message : 参见“std::default_delete<DescriptorAllocator>”的声明 (编译源文件 Device.cpp)
C:\Code\DX12New\DX12New\Scene.h(19,17): warning C4099: “aiMaterial”: 类型名称以前使用“struct”现在使用的是“class” (编译源文件 DynamicDescriptorHeap.cpp)
C:\Code\DX12New\include\assimp\material.h(692): message : 参见“aiMaterial”的声明 (编译源文件 DynamicDescriptorHeap.cpp)
C:\Code\DX12New\DX12New\Scene.h(20,13): warning C4099: “aiMesh”: 类型名称以前使用“struct”现在使用的是“class” (编译源文件 DynamicDescriptorHeap.cpp)
C:\Code\DX12New\include\assimp\mesh.h(600): message : 参见“aiMesh”的声明 (编译源文件 DynamicDescriptorHeap.cpp)
C:\Code\DX12New\DX12New\Scene.h(21,13): warning C4099: “aiNode”: 类型名称以前使用“struct”现在使用的是“class” (编译源文件 DynamicDescriptorHeap.cpp)
C:\Code\DX12New\include\assimp\scene.h(82): message : 参见“aiNode”的声明 (编译源文件 DynamicDescriptorHeap.cpp)
C:\Code\DX12New\DX12New\CommandQueue.h(38,48): warning C4099: “std::default_delete<CommandQueue>”: 类型名称以前使用“struct”现在使用的是“class” (编译源文件 Device.cpp)
C:\Code\DX12New\DX12New\CommandQueue.h(38): message : 参见“std::default_delete<CommandQueue>”的声明 (编译源文件 Device.cpp)
C:\Code\DX12New\DX12New\RootSignature.h(27,49): warning C4099: “std::default_delete<RootSignature>”: 类型名称以前使用“struct”现在使用的是“class” (编译源文件 GenerateMipsPSO.cpp)
C:\Code\DX12New\DX12New\RootSignature.h(27): message : 参见“std::default_delete<RootSignature>”的声明 (编译源文件 GenerateMipsPSO.cpp)
C:\Code\DX12New\DX12New\RootSignature.h(27,49): warning C4099: “std::default_delete<RootSignature>”: 类型名称以前使用“struct”现在使用的是“class” (编译源文件 IndexBuffer.cpp)
C:\Code\DX12New\DX12New\RootSignature.h(27): message : 参见“std::default_delete<RootSignature>”的声明 (编译源文件 IndexBuffer.cpp)
C:\Code\DX12New\DX12New\IndexBuffer.cpp(21,82): warning C4267: “初始化”: 从“size_t”转换到“UINT”，可能丢失数据
  RenderTarget.cpp
C:\Code\DX12New\DX12New\RootSignature.h(27,49): warning C4099: “std::default_delete<RootSignature>”: 类型名称以前使用“struct”现在使用的是“class” (编译源文件 main.cpp)
C:\Code\DX12New\DX12New\RootSignature.h(27): message : 参见“std::default_delete<RootSignature>”的声明 (编译源文件 main.cpp)
  ShaderResourceView.cpp
C:\Code\DX12New\DX12New\RootSignature.h(27,49): warning C4099: “std::default_delete<RootSignature>”: 类型名称以前使用“struct”现在使用的是“class” (编译源文件 PanoToCubemapPSO.cpp)
C:\Code\DX12New\DX12New\RootSignature.h(27): message : 参见“std::default_delete<RootSignature>”的声明 (编译源文件 PanoToCubemapPSO.cpp)
C:\Code\DX12New\DX12New\RootSignature.h(27,49): warning C4099: “std::default_delete<RootSignature>”: 类型名称以前使用“struct”现在使用的是“class” (编译源文件 Lesson5.cpp)
C:\Code\DX12New\DX12New\RootSignature.h(27): message : 参见“std::default_delete<RootSignature>”的声明 (编译源文件 Lesson5.cpp)
  SkyCubePSO.cpp
C:\Code\DX12New\DX12New\RootSignature.h(27,49): warning C4099: “std::default_delete<RootSignature>”: 类型名称以前使用“struct”现在使用的是“class” (编译源文件 Game.cpp)
C:\Code\DX12New\DX12New\RootSignature.h(27): message : 参见“std::default_delete<RootSignature>”的声明 (编译源文件 Game.cpp)
C:\Code\DX12New\DX12New\RootSignature.h(27,49): warning C4099: “std::default_delete<RootSignature>”: 类型名称以前使用“struct”现在使用的是“class” (编译源文件 PipelineStateObject.cpp)
C:\Code\DX12New\DX12New\RootSignature.h(27): message : 参见“std::default_delete<RootSignature>”的声明 (编译源文件 PipelineStateObject.cpp)
C:\Code\DX12New\DX12New\Scene.h(19,17): warning C4099: “aiMaterial”: 类型名称以前使用“struct”现在使用的是“class” (编译源文件 EffectPSO.cpp)
C:\Code\DX12New\include\assimp\material.h(692): message : 参见“aiMaterial”的声明 (编译源文件 EffectPSO.cpp)
C:\Code\DX12New\DX12New\Scene.h(20,13): warning C4099: “aiMesh”: 类型名称以前使用“struct”现在使用的是“class” (编译源文件 EffectPSO.cpp)
C:\Code\DX12New\include\assimp\mesh.h(600): message : 参见“aiMesh”的声明 (编译源文件 EffectPSO.cpp)
C:\Code\DX12New\DX12New\Scene.h(21,13): warning C4099: “aiNode”: 类型名称以前使用“struct”现在使用的是“class” (编译源文件 EffectPSO.cpp)
C:\Code\DX12New\include\assimp\scene.h(82): message : 参见“aiNode”的声明 (编译源文件 EffectPSO.cpp)
C:\Code\DX12New\DX12New\RootSignature.h(27,49): warning C4099: “std::default_delete<RootSignature>”: 类型名称以前使用“struct”现在使用的是“class” (编译源文件 EffectPSO.cpp)
C:\Code\DX12New\DX12New\RootSignature.h(27): message : 参见“std::default_delete<RootSignature>”的声明 (编译源文件 EffectPSO.cpp)
C:\Code\DX12New\DX12New\Scene.h(19,17): warning C4099: “aiMaterial”: 类型名称以前使用“struct”现在使用的是“class” (编译源文件 Lesson5.cpp)
C:\Code\DX12New\include\assimp\material.h(692): message : 参见“aiMaterial”的声明 (编译源文件 Lesson5.cpp)
C:\Code\DX12New\DX12New\Scene.h(20,13): warning C4099: “aiMesh”: 类型名称以前使用“struct”现在使用的是“class” (编译源文件 Lesson5.cpp)
C:\Code\DX12New\include\assimp\mesh.h(600): message : 参见“aiMesh”的声明 (编译源文件 Lesson5.cpp)
C:\Code\DX12New\DX12New\Scene.h(21,13): warning C4099: “aiNode”: 类型名称以前使用“struct”现在使用的是“class” (编译源文件 Lesson5.cpp)
C:\Code\DX12New\include\assimp\scene.h(82): message : 参见“aiNode”的声明 (编译源文件 Lesson5.cpp)
C:\Code\DX12New\DX12New\RootSignature.h(27,49): warning C4099: “std::default_delete<RootSignature>”: 类型名称以前使用“struct”现在使用的是“class” (编译源文件 Material.cpp)
C:\Code\DX12New\DX12New\RootSignature.h(27): message : 参见“std::default_delete<RootSignature>”的声明 (编译源文件 Material.cpp)
C:\Code\DX12New\DX12New\Scene.h(19,17): warning C4099: “aiMaterial”: 类型名称以前使用“struct”现在使用的是“class” (编译源文件 main.cpp)
C:\Code\DX12New\include\assimp\material.h(692): message : 参见“aiMaterial”的声明 (编译源文件 main.cpp)
C:\Code\DX12New\DX12New\Scene.h(20,13): warning C4099: “aiMesh”: 类型名称以前使用“struct”现在使用的是“class” (编译源文件 main.cpp)
C:\Code\DX12New\include\assimp\mesh.h(600): message : 参见“aiMesh”的声明 (编译源文件 main.cpp)
C:\Code\DX12New\DX12New\Scene.h(21,13): warning C4099: “aiNode”: 类型名称以前使用“struct”现在使用的是“class” (编译源文件 main.cpp)
C:\Code\DX12New\include\assimp\scene.h(82): message : 参见“aiNode”的声明 (编译源文件 main.cpp)
C:\Code\DX12New\DX12New\Scene.h(19,17): warning C4099: “aiMaterial”: 类型名称以前使用“struct”现在使用的是“class” (编译源文件 Mesh.cpp)
C:\Code\DX12New\include\assimp\material.h(692): message : 参见“aiMaterial”的声明 (编译源文件 Mesh.cpp)
C:\Code\DX12New\DX12New\Scene.h(20,13): warning C4099: “aiMesh”: 类型名称以前使用“struct”现在使用的是“class” (编译源文件 Mesh.cpp)
C:\Code\DX12New\include\assimp\mesh.h(600): message : 参见“aiMesh”的声明 (编译源文件 Mesh.cpp)
C:\Code\DX12New\DX12New\Scene.h(21,13): warning C4099: “aiNode”: 类型名称以前使用“struct”现在使用的是“class” (编译源文件 Mesh.cpp)
C:\Code\DX12New\include\assimp\scene.h(82): message : 参见“aiNode”的声明 (编译源文件 Mesh.cpp)
C:\Code\DX12New\DX12New\RootSignature.h(27,49): warning C4099: “std::default_delete<RootSignature>”: 类型名称以前使用“struct”现在使用的是“class” (编译源文件 Mesh.cpp)
C:\Code\DX12New\DX12New\RootSignature.h(27): message : 参见“std::default_delete<RootSignature>”的声明 (编译源文件 Mesh.cpp)
C:\Code\DX12New\DX12New\CommandQueue.h(38,48): warning C4099: “std::default_delete<CommandQueue>”: 类型名称以前使用“struct”现在使用的是“class” (编译源文件 Lesson5.cpp)
C:\Code\DX12New\DX12New\CommandQueue.h(38): message : 参见“std::default_delete<CommandQueue>”的声明 (编译源文件 Lesson5.cpp)
C:\Code\DX12New\DX12New\CommandQueue.h(38,48): warning C4099: “std::default_delete<CommandQueue>”: 类型名称以前使用“struct”现在使用的是“class” (编译源文件 main.cpp)
C:\Code\DX12New\DX12New\CommandQueue.h(38): message : 参见“std::default_delete<CommandQueue>”的声明 (编译源文件 main.cpp)
C:\Code\DX12New\DX12New\Mesh.cpp(96,75): warning C4267: “参数”: 从“size_t”转换到“uint32_t”，可能丢失数据
C:\Code\DX12New\DX12New\Mesh.cpp(100,65): warning C4267: “参数”: 从“size_t”转换到“uint32_t”，可能丢失数据
  StructuredBuffer.cpp
C:\Code\DX12New\DX12New\Material.cpp(29): warning C4172: 返回局部变量或临时变量的地址
C:\Code\DX12New\DX12New\Material.cpp(39): warning C4172: 返回局部变量或临时变量的地址
C:\Code\DX12New\DX12New\Material.cpp(49): warning C4172: 返回局部变量或临时变量的地址
C:\Code\DX12New\DX12New\Material.cpp(59): warning C4172: 返回局部变量或临时变量的地址
C:\Code\DX12New\DX12New\Material.cpp(79): warning C4172: 返回局部变量或临时变量的地址
  SwapChain.cpp
  Texture.cpp
  UnorderedAccessView.cpp
C:\Code\DX12New\DX12New\RootSignature.h(27,49): warning C4099: “std::default_delete<RootSignature>”: 类型名称以前使用“struct”现在使用的是“class” (编译源文件 RenderTarget.cpp)
C:\Code\DX12New\DX12New\RootSignature.h(27): message : 参见“std::default_delete<RootSignature>”的声明 (编译源文件 RenderTarget.cpp)
  UploadBuffer.cpp
C:\Code\DX12New\DX12New\RootSignature.h(27,49): warning C4099: “std::default_delete<RootSignature>”: 类型名称以前使用“struct”现在使用的是“class” (编译源文件 ShaderResourceView.cpp)
C:\Code\DX12New\DX12New\RootSignature.h(27): message : 参见“std::default_delete<RootSignature>”的声明 (编译源文件 ShaderResourceView.cpp)
C:\Code\DX12New\DX12New\Lesson5.cpp(184,22): warning C4244: “=”: 从“double”转换到“float”，可能丢失数据
C:\Code\DX12New\DX12New\Lesson5.cpp(392,56): warning C4305: “参数”: 从“double”到“float”截断
C:\Code\DX12New\DX12New\Lesson5.cpp(546,15): warning C4244: “初始化”: 从“double”转换到“float”，可能丢失数据
C:\Code\DX12New\DX12New\Lesson5.cpp(551,39): warning C4305: “参数”: 从“double”到“float”截断
  VertexBuffer.cpp
  Window.cpp
C:\Code\DX12New\DX12New\RootSignature.h(27,49): warning C4099: “std::default_delete<RootSignature>”: 类型名称以前使用“struct”现在使用的是“class” (编译源文件 SwapChain.cpp)
C:\Code\DX12New\DX12New\RootSignature.h(27): message : 参见“std::default_delete<RootSignature>”的声明 (编译源文件 SwapChain.cpp)
C:\Code\DX12New\DX12New\RootSignature.h(27,49): warning C4099: “std::default_delete<RootSignature>”: 类型名称以前使用“struct”现在使用的是“class” (编译源文件 StructuredBuffer.cpp)
C:\Code\DX12New\DX12New\RootSignature.h(27): message : 参见“std::default_delete<RootSignature>”的声明 (编译源文件 StructuredBuffer.cpp)
C:\Code\DX12New\DX12New\Scene.h(19,17): warning C4099: “aiMaterial”: 类型名称以前使用“struct”现在使用的是“class” (编译源文件 SkyCubePSO.cpp)
C:\Code\DX12New\include\assimp\material.h(692): message : 参见“aiMaterial”的声明 (编译源文件 SkyCubePSO.cpp)
C:\Code\DX12New\DX12New\Scene.h(20,13): warning C4099: “aiMesh”: 类型名称以前使用“struct”现在使用的是“class” (编译源文件 SkyCubePSO.cpp)
C:\Code\DX12New\include\assimp\mesh.h(600): message : 参见“aiMesh”的声明 (编译源文件 SkyCubePSO.cpp)
C:\Code\DX12New\DX12New\Scene.h(21,13): warning C4099: “aiNode”: 类型名称以前使用“struct”现在使用的是“class” (编译源文件 SkyCubePSO.cpp)
C:\Code\DX12New\include\assimp\scene.h(82): message : 参见“aiNode”的声明 (编译源文件 SkyCubePSO.cpp)
C:\Code\DX12New\DX12New\RootSignature.h(27,49): warning C4099: “std::default_delete<RootSignature>”: 类型名称以前使用“struct”现在使用的是“class” (编译源文件 UnorderedAccessView.cpp)
C:\Code\DX12New\DX12New\RootSignature.h(27): message : 参见“std::default_delete<RootSignature>”的声明 (编译源文件 UnorderedAccessView.cpp)
C:\Code\DX12New\DX12New\RootSignature.h(27,49): warning C4099: “std::default_delete<RootSignature>”: 类型名称以前使用“struct”现在使用的是“class” (编译源文件 SkyCubePSO.cpp)
C:\Code\DX12New\DX12New\RootSignature.h(27): message : 参见“std::default_delete<RootSignature>”的声明 (编译源文件 SkyCubePSO.cpp)
C:\Code\DX12New\DX12New\RootSignature.h(27,49): warning C4099: “std::default_delete<RootSignature>”: 类型名称以前使用“struct”现在使用的是“class” (编译源文件 VertexBuffer.cpp)
C:\Code\DX12New\DX12New\RootSignature.h(27): message : 参见“std::default_delete<RootSignature>”的声明 (编译源文件 VertexBuffer.cpp)
C:\Code\DX12New\DX12New\RootSignature.h(27,49): warning C4099: “std::default_delete<RootSignature>”: 类型名称以前使用“struct”现在使用的是“class” (编译源文件 Window.cpp)
C:\Code\DX12New\DX12New\RootSignature.h(27): message : 参见“std::default_delete<RootSignature>”的声明 (编译源文件 Window.cpp)
C:\Code\DX12New\DX12New\RootSignature.h(27,49): warning C4099: “std::default_delete<RootSignature>”: 类型名称以前使用“struct”现在使用的是“class” (编译源文件 Texture.cpp)
C:\Code\DX12New\DX12New\RootSignature.h(27): message : 参见“std::default_delete<RootSignature>”的声明 (编译源文件 Texture.cpp)
C:\Code\DX12New\DX12New\CommandQueue.h(38,48): warning C4099: “std::default_delete<CommandQueue>”: 类型名称以前使用“struct”现在使用的是“class” (编译源文件 SwapChain.cpp)
C:\Code\DX12New\DX12New\CommandQueue.h(38): message : 参见“std::default_delete<CommandQueue>”的声明 (编译源文件 SwapChain.cpp)
C:\Code\DX12New\DX12New\CommandQueue.h(38,48): warning C4099: “std::default_delete<CommandQueue>”: 类型名称以前使用“struct”现在使用的是“class” (编译源文件 Window.cpp)
C:\Code\DX12New\DX12New\CommandQueue.h(38): message : 参见“std::default_delete<CommandQueue>”的声明 (编译源文件 Window.cpp)
C:\Code\DX12New\DX12New\Scene.h(19,17): warning C4099: “aiMaterial”: 类型名称以前使用“struct”现在使用的是“class” (编译源文件 SwapChain.cpp)
C:\Code\DX12New\include\assimp\material.h(692): message : 参见“aiMaterial”的声明 (编译源文件 SwapChain.cpp)
C:\Code\DX12New\DX12New\Scene.h(20,13): warning C4099: “aiMesh”: 类型名称以前使用“struct”现在使用的是“class” (编译源文件 SwapChain.cpp)
C:\Code\DX12New\include\assimp\mesh.h(600): message : 参见“aiMesh”的声明 (编译源文件 SwapChain.cpp)
C:\Code\DX12New\DX12New\Scene.h(21,13): warning C4099: “aiNode”: 类型名称以前使用“struct”现在使用的是“class” (编译源文件 SwapChain.cpp)
C:\Code\DX12New\include\assimp\scene.h(82): message : 参见“aiNode”的声明 (编译源文件 SwapChain.cpp)
C:\Code\DX12New\DX12New\SwapChain.cpp(143,41): warning C4805: “==”: 在操作中将类型“BOOL”与类型“bool”混合不安全
C:\Code\DX12New\DX12New\RootSignature.h(27,49): warning C4099: “std::default_delete<RootSignature>”: 类型名称以前使用“struct”现在使用的是“class” (编译源文件 UploadBuffer.cpp)
C:\Code\DX12New\DX12New\RootSignature.h(27): message : 参见“std::default_delete<RootSignature>”的声明 (编译源文件 UploadBuffer.cpp)
C:\Code\DX12New\DX12New\Scene.h(19,17): warning C4099: “aiMaterial”: 类型名称以前使用“struct”现在使用的是“class” (编译源文件 Window.cpp)
C:\Code\DX12New\include\assimp\material.h(692): message : 参见“aiMaterial”的声明 (编译源文件 Window.cpp)
C:\Code\DX12New\DX12New\Scene.h(20,13): warning C4099: “aiMesh”: 类型名称以前使用“struct”现在使用的是“class” (编译源文件 Window.cpp)
C:\Code\DX12New\include\assimp\mesh.h(600): message : 参见“aiMesh”的声明 (编译源文件 Window.cpp)
C:\Code\DX12New\DX12New\Scene.h(21,13): warning C4099: “aiNode”: 类型名称以前使用“struct”现在使用的是“class” (编译源文件 Window.cpp)
C:\Code\DX12New\include\assimp\scene.h(82): message : 参见“aiNode”的声明 (编译源文件 Window.cpp)
  DX12New.vcxproj -> C:\Code\DX12New\x64\Debug\DX12New.exe
